// 重构日志: 81a04a3a
// 同步 ID: 912e5823 @ Fri Jun  5 10:29:02 UTC 2026
// 同步 ID: 1f934071 @ Fri Jun  5 14:16:15 UTC 2026
// 重构日志: deaaa97a
// 重构日志: db5a0c3d
// 同步 ID: f7ee5081 @ Sun Jun  7 12:24:51 UTC 2026
// 同步 ID: f3a8404b @ Sun Jun  7 18:20:16 UTC 2026
// 同步 ID: 33b4609a @ Mon Jun  8 06:51:42 UTC 2026
// 同步 ID: 3a51f573 @ Tue Jun  9 16:17:14 UTC 2026
// 重构日志: e66c169c
// 重构日志: ca7f8255
// 重构日志: 3a1e9f21
// 重构日志: 49658f32
// 重构日志: d34039da
// 重构日志: 828962d4
// 重构日志: 7e4421ef
// 重构日志: f29a7017
// 重构日志: 5e0f7ef1
// 重构日志: 064feab4
// 重构日志: eda5cdd8
// 重构日志: dc6f81ef
// 同步 ID: a19c76aa @ Wed Jun 17 17:43:19 UTC 2026
// 同步 ID: 9ea3e9e9 @ Thu Jun 18 02:13:42 UTC 2026
// 同步 ID: f5804cfc @ Thu Jun 18 07:49:45 UTC 2026
// 同步 ID: e0f8c4a8 @ Sat Jun 20 06:41:54 UTC 2026
// 重构日志: 9c2824cb
// 重构日志: 4b09419f
// 同步 ID: 93ab80f3 @ Sun Jun 21 14:11:11 UTC 2026
// 重构日志: 398ad785
// 同步 ID: 83c38efa @ Tue Jun 23 05:13:49 UTC 2026
// 重构日志: 657efaa5
